PLINK v1.90b6.7 64-bit (2 Dec 2018)
Options in effect:
  --adjust
  --allow-no-sex
  --assoc fisher
  --bfile data4
  --ci 0.95
  --logistic
  --out gwas
  --pheno /ix1/hugen2072_2024s/ca/phenotype.txt

Hostname: htc-n64.crc.pitt.edu
Working directory: /ihome/hugen2071-2023f/tjy19
Start time: Tue Jan 23 20:02:27 2024

Random number seed: 1706058147
773685 MB RAM detected; reserving 386842 MB for main workspace.
3261 variants loaded from .bim file.
524 people (245 males, 279 females) loaded from .fam.
524 phenotype values present after --pheno.
Using 1 thread (no multithreaded calculations invoked).
Before main variant filters, 524 founders and 0 nonfounders present.
Calculating allele frequencies... done.
Total genotyping rate is 0.998713.
3261 variants and 524 people pass filters and QC.
Among remaining phenotypes, 262 are cases and 262 are controls.
Writing C/C --assoc report to gwas.assoc.fisher ... done.
--adjust: Genomic inflation est. lambda (based on median chisq) = 3.04785.
--adjust values (3261 variants) written to gwas.assoc.fisher.adjusted .
Writing logistic model association results to gwas.assoc.logistic ... done.
--adjust: Genomic inflation est. lambda (based on median chisq) = 3.52112.
--adjust values (3196 variants) written to gwas.assoc.logistic.adjusted .

End time: Tue Jan 23 20:02:27 2024
